Log file open, 01/05/20 02:07:07
LogWindows: Failed to load 'aqProf.dll' (GetLastError=126)
LogWindows: File 'aqProf.dll' does not exist
LogWindows: Failed to load 'VSPerf140.dll' (GetLastError=126)
LogWindows: File 'VSPerf140.dll' does not exist
LogWindows: Failed to load 'VtuneApi.dll' (GetLastError=126)
LogWindows: File 'VtuneApi.dll' does not exist
LogWindows: Failed to load 'VtuneApi32e.dll' (GetLastError=126)
LogWindows: File 'VtuneApi32e.dll' does not exist
LogInit: Display: Running engine for game: ProjectBattle
LogPlatformFile: Not using cached read wrapper
LogInit: Display: RandInit(2056156617) SRandInit(2056156617).
LogInit: Read version file with build ID '3709383'
LogInit: Overriding engine version to CL 3832480, compatible CL 3709383
LogInit: Registered custom module enumerator with build ID '3709383'
LogTaskGraph: Started task graph with 5 named threads and 14 total threads with 3 sets of task threads.
LogStats: Stats thread started at 0.233120
LogD3D11RHI: Aftermath initialized
LogModuleManager: Display: Found up-to-date module file ../../../Engine/Plugins/2D/Paper2D/Binaries/Win64/UE4Editor-Paper2D.dll (API version 3709383).
LogModuleManager: Display: Found up-to-date module file ../../../Engine/Plugins/2D/Paper2D/Binaries/Win64/UE4Editor-Paper2DEditor.dll (API version 3709383).
LogModuleManager: Display: Found up-to-date module file ../../../Engine/Plugins/2D/Paper2D/Binaries/Win64/UE4Editor-PaperSpriteSheetImporter.dll (API version 3709383).
LogModuleManager: Display: Found up-to-date module file ../../../Engine/Plugins/2D/Paper2D/Binaries/Win64/UE4Editor-PaperTiledImporter.dll (API version 3709383).
LogModuleManager: Display: Found up-to-date module file ../../../Engine/Plugins/2D/Paper2D/Binaries/Win64/UE4Editor-SmartSnapping.dll (API version 3709383).
LogModuleManager: Display: Found up-to-date module file ../../../Engine/Plugins/Blendables/LightPropagationVolume/Binaries/Win64/UE4Editor-LightPropagationVolumeRuntime.dll (API version 3709383).
LogModuleManager: Display: Found up-to-date module file ../../../Engine/Plugins/Blendables/LightPropagationVolume/Binaries/Win64/UE4Editor-LightPropagationVolumeEditor.dll (API version 3709383).
LogModuleManager: Display: Found up-to-date module file ../../../Engine/Plugins/Developer/GitSourceControl/Binaries/Win64/UE4Editor-GitSourceControl.dll (API version 3709383).
LogModuleManager: Display: Found up-to-date module file ../../../Engine/Plugins/Developer/PerforceSourceControl/Binaries/Win64/UE4Editor-PerforceSourceControl.dll (API version 3709383).
LogModuleManager: Display: Found up-to-date module file ../../../Engine/Plugins/Developer/SubversionSourceControl/Binaries/Win64/UE4Editor-SubversionSourceControl.dll (API version 3709383).
LogModuleManager: Display: Found up-to-date module file ../../../Engine/Plugins/Developer/UObjectPlugin/Binaries/Win64/UE4Editor-UObjectPlugin.dll (API version 3709383).
LogModuleManager: Display: Found up-to-date module file ../../../Engine/Plugins/Developer/VisualStudioCodeSourceCodeAccess/Binaries/Win64/UE4Editor-VisualStudioCodeSourceCodeAccess.dll (API version 3709383).
LogModuleManager: Display: Found up-to-date module file ../../../Engine/Plugins/Developer/VisualStudioSourceCodeAccess/Binaries/Win64/UE4Editor-VisualStudioSourceCodeAccess.dll (API version 3709383).
LogModuleManager: Display: Found up-to-date module file ../../../Engine/Plugins/Editor/AssetManagerEditor/Binaries/Win64/UE4Editor-AssetManagerEditor.dll (API version 3709383).
LogModuleManager: Display: Found up-to-date module file ../../../Engine/Plugins/Editor/AudioCapture/Binaries/Win64/UE4Editor-AudioCapture.dll (API version 3709383).
LogModuleManager: Display: Found up-to-date module file ../../../Engine/Plugins/Editor/FacialAnimation/Binaries/Win64/UE4Editor-FacialAnimation.dll (API version 3709383).
LogModuleManager: Display: Found up-to-date module file ../../../Engine/Plugins/Editor/FacialAnimation/Binaries/Win64/UE4Editor-FacialAnimationEditor.dll (API version 3709383).
LogModuleManager: Display: Found up-to-date module file ../../../Engine/Plugins/Editor/GameplayTagsEditor/Binaries/Win64/UE4Editor-GameplayTagsEditor.dll (API version 3709383).
LogModuleManager: Display: Found up-to-date module file ../../../Engine/Plugins/Editor/MobileLauncherProfileWizard/Binaries/Win64/UE4Editor-MobileLauncherProfileWizard.dll (API version 3709383).
LogModuleManager: Display: Found up-to-date module file ../../../Engine/Plugins/Editor/PluginBrowser/Binaries/Win64/UE4Editor-PluginBrowser.dll (API version 3709383).
LogModuleManager: Display: Found up-to-date module file ../../../Engine/Plugins/Editor/SpeedTreeImporter/Binaries/Win64/UE4Editor-SpeedTreeImporter.dll (API version 3709383).
LogModuleManager: Display: Found up-to-date module file ../../../Engine/Plugins/Experimental/AlembicImporter/Binaries/Win64/UE4Editor-AlembicImporter.dll (API version 3709383).
LogModuleManager: Display: Found up-to-date module file ../../../Engine/Plugins/Experimental/AlembicImporter/Binaries/Win64/UE4Editor-AlembicLibrary.dll (API version 3709383).
LogModuleManager: Display: Found up-to-date module file ../../../Engine/Plugins/Experimental/CharacterAI/Binaries/Win64/UE4Editor-CharacterAI.dll (API version 3709383).
LogModuleManager: Display: Found up-to-date module file ../../../Engine/Plugins/Experimental/HTML5Networking/Binaries/Win64/UE4Editor-HTML5Networking.dll (API version 3709383).
LogModuleManager: Display: Found up-to-date module file ../../../Engine/Plugins/Media/AndroidMedia/Binaries/Win64/UE4Editor-AndroidMediaEditor.dll (API version 3709383).
LogModuleManager: Display: Found up-to-date module file ../../../Engine/Plugins/Media/AndroidMedia/Binaries/Win64/UE4Editor-AndroidMediaFactory.dll (API version 3709383).
LogModuleManager: Display: Found up-to-date module file ../../../Engine/Plugins/Media/AvfMedia/Binaries/Win64/UE4Editor-AvfMediaEditor.dll (API version 3709383).
LogModuleManager: Display: Found up-to-date module file ../../../Engine/Plugins/Media/AvfMedia/Binaries/Win64/UE4Editor-AvfMediaFactory.dll (API version 3709383).
LogModuleManager: Display: Found up-to-date module file ../../../Engine/Plugins/Media/AvfMedia/Binaries/Win64/UE4Editor-AvfMediaFactory.dll (API version 3709383).
LogModuleManager: Display: Found up-to-date module file ../../../Engine/Plugins/Media/ImgMedia/Binaries/Win64/UE4Editor-ImgMedia.dll (API version 3709383).
LogModuleManager: Display: Found up-to-date module file ../../../Engine/Plugins/Media/ImgMedia/Binaries/Win64/UE4Editor-ImgMediaEditor.dll (API version 3709383).
LogModuleManager: Display: Found up-to-date module file ../../../Engine/Plugins/Media/ImgMedia/Binaries/Win64/UE4Editor-ImgMediaFactory.dll (API version 3709383).
LogModuleManager: Display: Found up-to-date module file ../../../Engine/Plugins/Media/ImgMedia/Binaries/Win64/UE4Editor-ImgMediaFactory.dll (API version 3709383).
LogModuleManager: Display: Found up-to-date module file ../../../Engine/Plugins/Media/ImgMedia/Binaries/Win64/UE4Editor-OpenExrWrapper.dll (API version 3709383).
LogModuleManager: Display: Found up-to-date module file ../../../Engine/Plugins/Media/MediaCompositing/Binaries/Win64/UE4Editor-MediaCompositing.dll (API version 3709383).
LogModuleManager: Display: Found up-to-date module file ../../../Engine/Plugins/Media/MediaCompositing/Binaries/Win64/UE4Editor-MediaCompositingEditor.dll (API version 3709383).
LogModuleManager: Display: Found up-to-date module file ../../../Engine/Plugins/Media/MediaPlayerEditor/Binaries/Win64/UE4Editor-MediaPlayerEditor.dll (API version 3709383).
LogModuleManager: Display: Found up-to-date module file ../../../Engine/Plugins/Media/WmfMedia/Binaries/Win64/UE4Editor-WmfMedia.dll (API version 3709383).
LogModuleManager: Display: Found up-to-date module file ../../../Engine/Plugins/Media/WmfMedia/Binaries/Win64/UE4Editor-WmfMediaEditor.dll (API version 3709383).
LogModuleManager: Display: Found up-to-date module file ../../../Engine/Plugins/Media/WmfMedia/Binaries/Win64/UE4Editor-WmfMediaFactory.dll (API version 3709383).
LogModuleManager: Display: Found up-to-date module file ../../../Engine/Plugins/Media/WmfMedia/Binaries/Win64/UE4Editor-WmfMediaFactory.dll (API version 3709383).
LogModuleManager: Display: Found up-to-date module file ../../../Engine/Plugins/Messaging/TcpMessaging/Binaries/Win64/UE4Editor-TcpMessaging.dll (API version 3709383).
LogModuleManager: Display: Found up-to-date module file ../../../Engine/Plugins/Messaging/UdpMessaging/Binaries/Win64/UE4Editor-UdpMessaging.dll (API version 3709383).
LogModuleManager: Display: Found up-to-date module file ../../../Engine/Plugins/MovieScene/ActorSequence/Binaries/Win64/UE4Editor-ActorSequence.dll (API version 3709383).
LogModuleManager: Display: Found up-to-date module file ../../../Engine/Plugins/MovieScene/LevelSequenceEditor/Binaries/Win64/UE4Editor-LevelSequenceEditor.dll (API version 3709383).
LogModuleManager: Display: Found up-to-date module file ../../../Engine/Plugins/MovieScene/MatineeToLevelSequence/Binaries/Win64/UE4Editor-MatineeToLevelSequence.dll (API version 3709383).
LogModuleManager: Display: Found up-to-date module file ../../../Engine/Plugins/Online/OnlineSubsystem/Binaries/Win64/UE4Editor-OnlineSubsystem.dll (API version 3709383).
LogModuleManager: Display: Found up-to-date module file ../../../Engine/Plugins/Runtime/AndroidPermission/Binaries/Win64/UE4Editor-AndroidPermission.dll (API version 3709383).
LogModuleManager: Display: Found up-to-date module file ../../../Engine/Plugins/Online/OnlineSubsystemNull/Binaries/Win64/UE4Editor-OnlineSubsystemNull.dll (API version 3709383).
LogModuleManager: Display: Found up-to-date module file ../../../Engine/Plugins/Online/OnlineSubsystemUtils/Binaries/Win64/UE4Editor-OnlineSubsystemUtils.dll (API version 3709383).
LogModuleManager: Display: Found up-to-date module file ../../../Engine/Plugins/Online/OnlineSubsystemUtils/Binaries/Win64/UE4Editor-OnlineBlueprintSupport.dll (API version 3709383).
LogModuleManager: Display: Found up-to-date module file ../../../Engine/Plugins/Runtime/AndroidDeviceProfileSelector/Binaries/Win64/UE4Editor-AndroidDeviceProfileSelector.dll (API version 3709383).
LogModuleManager: Display: Found up-to-date module file ../../../Engine/Plugins/Runtime/AppleARKit/Binaries/Win64/UE4Editor-AppleARKit.dll (API version 3709383).
LogModuleManager: Display: Found up-to-date module file ../../../Engine/Plugins/Runtime/ArchVisCharacter/Binaries/Win64/UE4Editor-ArchVisCharacter.dll (API version 3709383).
LogModuleManager: Display: Found up-to-date module file ../../../Engine/Plugins/Runtime/CableComponent/Binaries/Win64/UE4Editor-CableComponent.dll (API version 3709383).
LogModuleManager: Display: Found up-to-date module file ../../../Engine/Plugins/Runtime/CustomMeshComponent/Binaries/Win64/UE4Editor-CustomMeshComponent.dll (API version 3709383).
LogModuleManager: Display: Found up-to-date module file ../../../Engine/Plugins/Runtime/ExampleDeviceProfileSelector/Binaries/Win64/UE4Editor-ExampleDeviceProfileSelector.dll (API version 3709383).
LogModuleManager: Display: Found up-to-date module file ../../../Engine/Plugins/Runtime/ImmediatePhysics/Binaries/Win64/UE4Editor-ImmediatePhysics.dll (API version 3709383).
LogModuleManager: Display: Found up-to-date module file ../../../Engine/Plugins/Runtime/ImmediatePhysics/Binaries/Win64/UE4Editor-ImmediatePhysicsEditor.dll (API version 3709383).
LogModuleManager: Display: Found up-to-date module file ../../../Engine/Plugins/Runtime/LocationServicesBPLibrary/Binaries/Win64/UE4Editor-LocationServicesBPLibrary.dll (API version 3709383).
LogModuleManager: Display: Found up-to-date module file ../../../Engine/Plugins/Runtime/MobilePatchingUtils/Binaries/Win64/UE4Editor-MobilePatchingUtils.dll (API version 3709383).
LogModuleManager: Display: Found up-to-date module file ../../../Engine/Plugins/Runtime/Oculus/OculusVR/Binaries/Win64/UE4Editor-OculusHMD.dll (API version 3709383).
LogModuleManager: Display: Found up-to-date module file ../../../Engine/Plugins/Runtime/Oculus/OculusVR/Binaries/Win64/UE4Editor-OculusInput.dll (API version 3709383).
LogModuleManager: Display: Found up-to-date module file ../../../Engine/Plugins/Runtime/Oculus/OculusVR/Binaries/Win64/UE4Editor-OculusEditor.dll (API version 3709383).
LogModuleManager: Display: Found up-to-date module file ../../../Engine/Plugins/Runtime/PhysXVehicles/Binaries/Win64/UE4Editor-PhysXVehicles.dll (API version 3709383).
LogModuleManager: Display: Found up-to-date module file ../../../Engine/Plugins/Runtime/PhysXVehicles/Binaries/Win64/UE4Editor-PhysXVehiclesEditor.dll (API version 3709383).
LogModuleManager: Display: Found up-to-date module file ../../../Engine/Plugins/Runtime/ProceduralMeshComponent/Binaries/Win64/UE4Editor-ProceduralMeshComponent.dll (API version 3709383).
LogModuleManager: Display: Found up-to-date module file ../../../Engine/Plugins/Runtime/ProceduralMeshComponent/Binaries/Win64/UE4Editor-ProceduralMeshComponentEditor.dll (API version 3709383).
LogModuleManager: Display: Found up-to-date module file ../../../Engine/Plugins/Runtime/RuntimePhysXCooking/Binaries/Win64/UE4Editor-RuntimePhysXCooking.dll (API version 3709383).
LogModuleManager: Display: Found up-to-date module file ../../../Engine/Plugins/Runtime/Steam/SteamVR/Binaries/Win64/UE4Editor-SteamVR.dll (API version 3709383).
LogModuleManager: Display: Found up-to-date module file ../../../Engine/Plugins/Runtime/Steam/SteamVR/Binaries/Win64/UE4Editor-SteamVRController.dll (API version 3709383).
LogModuleManager: Display: Found up-to-date module file ../../../Engine/Plugins/Runtime/WindowsMoviePlayer/Binaries/Win64/UE4Editor-WindowsMoviePlayer.dll (API version 3709383).
LogPluginManager: Mounting plugin Paper2D
LogPluginManager: Mounting plugin LightPropagationVolume
LogPluginManager: Mounting plugin CodeLiteSourceCodeAccess
LogPluginManager: Mounting plugin GitSourceControl
LogPluginManager: Mounting plugin KDevelopSourceCodeAccess
LogPluginManager: Mounting plugin NullSourceCodeAccess
LogPluginManager: Mounting plugin PerforceSourceControl
LogPluginManager: Mounting plugin SubversionSourceControl
LogPluginManager: Mounting plugin UObjectPlugin
LogPluginManager: Mounting plugin VisualStudioCodeSourceCodeAccess
LogPluginManager: Mounting plugin VisualStudioSourceCodeAccess
LogPluginManager: Mounting plugin XCodeSourceCodeAccess
LogPluginManager: Mounting plugin AssetManagerEditor
LogPluginManager: Mounting plugin AudioCapture
LogPluginManager: Mounting plugin FacialAnimation
LogPluginManager: Mounting plugin GameplayTagsEditor
LogPluginManager: Mounting plugin MobileLauncherProfileWizard
LogPluginManager: Mounting plugin PluginBrowser
LogPluginManager: Mounting plugin SpeedTreeImporter
LogPluginManager: Mounting plugin AlembicImporter
LogPluginManager: Mounting plugin CharacterAI
LogPluginManager: Mounting plugin HTML5Networking
LogPluginManager: Mounting plugin AndroidMedia
LogPluginManager: Mounting plugin AvfMedia
LogPluginManager: Mounting plugin ImgMedia
LogPluginManager: Mounting plugin MediaCompositing
LogPluginManager: Mounting plugin MediaPlayerEditor
LogPluginManager: Mounting plugin WmfMedia
LogPluginManager: Mounting plugin TcpMessaging
LogPluginManager: Mounting plugin UdpMessaging
LogPluginManager: Mounting plugin ActorSequence
LogPluginManager: Mounting plugin LevelSequenceEditor
LogPluginManager: Mounting plugin MatineeToLevelSequence
LogPluginManager: Mounting plugin OnlineSubsystemGooglePlay
LogPluginManager: Mounting plugin OnlineSubsystemIOS
LogPluginManager: Mounting plugin OnlineSubsystem
LogPluginManager: Mounting plugin OnlineSubsystemNull
LogPluginManager: Mounting plugin OnlineSubsystemUtils
LogPluginManager: Mounting plugin AndroidDeviceProfileSelector
LogPluginManager: Mounting plugin AndroidMoviePlayer
LogPluginManager: Mounting plugin AndroidPermission
LogPluginManager: Mounting plugin AppleARKit
LogPluginManager: Mounting plugin AppleMoviePlayer
LogPluginManager: Mounting plugin ArchVisCharacter
LogPluginManager: Mounting plugin CableComponent
LogPluginManager: Mounting plugin CustomMeshComponent
LogPluginManager: Mounting plugin ExampleDeviceProfileSelector
LogPluginManager: Mounting plugin GoogleCloudMessaging
LogPluginManager: Mounting plugin ImmediatePhysics
LogPluginManager: Mounting plugin IOSDeviceProfileSelector
LogPluginManager: Mounting plugin LinuxDeviceProfileSelector
LogPluginManager: Mounting plugin LocationServicesBPLibrary
LogPluginManager: Mounting plugin MobilePatchingUtils
LogPluginManager: Mounting plugin OculusVR
LogPluginManager: Plugin shader directory ../../../Engine/Plugins/Runtime/Oculus/OculusVR/Shaders found
LogPluginManager: Mapping shader source directory ../../../Engine/Plugins/Runtime/Oculus/OculusVR/Shaders to virtual directory /Plugin/OculusVR
LogPluginManager: Mounting plugin PhysXVehicles
LogPluginManager: Mounting plugin ProceduralMeshComponent
LogPluginManager: Mounting plugin RuntimePhysXCooking
LogPluginManager: Mounting plugin SteamVR
LogPluginManager: Mounting plugin WindowsMoviePlayer
LogInit: Using libcurl 7.47.1
LogInit:  - built for x86_64-pc-win32
LogInit:  - supports SSL with OpenSSL/1.0.2g
LogInit:  - supports HTTP deflate (compression) using libz 1.2.8
LogInit:  - other features:
LogInit:      CURL_VERSION_SSL
LogInit:      CURL_VERSION_LIBZ
LogInit:      CURL_VERSION_IPV6
LogInit:      CURL_VERSION_ASYNCHDNS
LogInit:      CURL_VERSION_LARGEFILE
LogInit:      CURL_VERSION_IDN
LogInit:  CurlRequestOptions (configurable via config and command line):
LogInit:  - bVerifyPeer = false  - Libcurl will NOT verify peer certificate
LogInit:  - bUseHttpProxy = false  - Libcurl will NOT use HTTP proxy
LogInit:  - bDontReuseConnections = false  - Libcurl will reuse connections
LogInit:  - CertBundlePath = nullptr  - Libcurl will use whatever was configured at build time.
LogInit: Build: ++UE4+Release-4.18-CL-3832480
LogInit: Engine Version: 4.18.3-3832480+++UE4+Release-4.18
LogInit: Compatible Engine Version: 4.18.0-3709383+++UE4+Release-4.18
LogInit: Net CL: 3709383
LogDevObjectVersion: Number of dev versions registered: 16
LogDevObjectVersion:   Dev-Blueprints (B0D832E4-1F89-4F0D-ACCF-7EB736FD4AA2): 10
LogDevObjectVersion:   Dev-Build (E1C64328-A22C-4D53-A36C-8E866417BD8C): 0
LogDevObjectVersion:   Dev-Core (375EC13C-06E4-48FB-B500-84F0262A717E): 2
LogDevObjectVersion:   Dev-Editor (E4B068ED-F494-42E9-A231-DA0B2E46BB41): 20
LogDevObjectVersion:   Dev-Framework (CFFC743F-43B0-4480-9391-14DF171D2073): 30
LogDevObjectVersion:   Dev-Mobile (B02B49B5-BB20-44E9-A304-32B752E40360): 0
LogDevObjectVersion:   Dev-Networking (A4E4105C-59A1-49B5-A7C5-40C4547EDFEE): 0
LogDevObjectVersion:   Dev-Online (39C831C9-5AE6-47DC-9A44-9C173E1C8E7C): 0
LogDevObjectVersion:   Dev-Physics (78F01B33-EBEA-4F98-B9B4-84EACCB95AA2): 0
LogDevObjectVersion:   Dev-Platform (6631380F-2D4D-43E0-8009-CF276956A95A): 0
LogDevObjectVersion:   Dev-Rendering (12F88B9F-8875-4AFC-A67C-D90C383ABD29): 20
LogDevObjectVersion:   Dev-Sequencer (7B5AE74C-D270-4C10-A958-57980B212A5A): 4
LogDevObjectVersion:   Dev-VR (D7296918-1DD6-4BDD-9DE2-64A83CC13884): 0
LogDevObjectVersion:   Dev-LoadTimes (C2A15278-BFE7-4AFE-6C17-90FF531DF755): 1
LogDevObjectVersion:   Private-Geometry (6EACA3D4-40EC-4CC1-B786-8BED09428FC5): 1
LogDevObjectVersion:   Dev-AnimPhys (29E575DD-E0A3-4627-9D10-D276232CDCEA): 12
LogInit: Compiled (64-bit): Jan 12 2018 02:04:55
LogInit: Compiled with Visual C++: 19.00.24215.01
LogInit: Build Configuration: Development
LogInit: Branch Name: ++UE4+Release-4.18
LogInit: Command line: -EpicPortal  -epicusername="rcasio" -epicuserid=c56c163cc84c4ae3aadb3effbd22eb24 -epiclocale=ko-KR
LogInit: Base directory: C:/Program Files/Epic Games/UE_4.18/Engine/Binaries/Win64/
LogInit: Installed Engine Build: 1
LogInit: Presizing for max 8388607 objects, including 0 objects not considered by GC, pre-allocating 0 bytes for permanent pool.
LogInit: Object subsystem initialized
[2020.01.04-17.07.10:825][  0]LogInit: Selected Device Profile: [Windows]
[2020.01.04-17.07.10:826][  0]LogInit: Applying CVar settings loaded from the selected device profile: [Windows]
[2020.01.04-17.07.10:838][  0]LogInit: Computer: DESKTOP-7OKEDTQ
[2020.01.04-17.07.10:838][  0]LogInit: User: rcasi
[2020.01.04-17.07.10:838][  0]LogInit: CPU Page size=4096, Cores=4
[2020.01.04-17.07.10:838][  0]LogInit: High frequency timer resolution =10.000000 MHz
[2020.01.04-17.07.10:838][  0]LogMemory: Memory total: Physical=15.9GB (16GB approx)
[2020.01.04-17.07.10:838][  0]LogMemory: Platform Memory Stats for Windows
[2020.01.04-17.07.10:838][  0]LogMemory: Process Physical Memory: 273.65 MB used, 273.65 MB peak
[2020.01.04-17.07.10:838][  0]LogMemory: Process Virtual Memory: 269.88 MB used, 269.88 MB peak
[2020.01.04-17.07.10:838][  0]LogMemory: Physical Memory: 8689.58 MB used,  7574.43 MB free, 16264.01 MB total
[2020.01.04-17.07.10:838][  0]LogMemory: Virtual Memory: 4762.93 MB used,  7574.43 MB free, 134217728.00 MB total
[2020.01.04-17.07.11:278][  0]LogInit: Using OS detected language (ko-KR).
[2020.01.04-17.07.11:278][  0]LogInit: Using OS detected locale (ko-KR).
[2020.01.04-17.07.11:286][  0]LogTextLocalizationManager: No specific localization for 'ko-KR' exists, so the 'ko' localization will be used.
[2020.01.04-17.07.11:434][  0]LogInit: Setting process to per monitor DPI aware
[2020.01.04-17.07.12:111][  0]LogD3D11RHI: D3D11 adapters:
[2020.01.04-17.07.12:203][  0]LogD3D11RHI:    0. 'NVIDIA GeForce GTX 1070' (Feature Level 11_0)
[2020.01.04-17.07.12:203][  0]LogD3D11RHI:       8088/0/8132 MB DedicatedVideo/DedicatedSystem/SharedSystem, Outputs:1, VendorId:0x10de
[2020.01.04-17.07.12:225][  0]LogD3D11RHI:    1. 'Intel(R) HD Graphics 530' (Feature Level 11_0)
[2020.01.04-17.07.12:225][  0]LogD3D11RHI:       128/0/8132 MB DedicatedVideo/DedicatedSystem/SharedSystem, Outputs:1, VendorId:0x8086
[2020.01.04-17.07.12:228][  0]LogD3D11RHI:    2. 'Microsoft Basic Render Driver' (Feature Level 11_0)
[2020.01.04-17.07.12:228][  0]LogD3D11RHI:       0/0/8132 MB DedicatedVideo/DedicatedSystem/SharedSystem, Outputs:0, VendorId:0x1414
[2020.01.04-17.07.12:228][  0]LogD3D11RHI: Chosen D3D11 Adapter: 0
[2020.01.04-17.07.12:236][  0]LogD3D11RHI: Creating new Direct3DDevice
[2020.01.04-17.07.12:236][  0]LogD3D11RHI:     GPU DeviceId: 0x1b81 (for the marketing name, search the web for "GPU Device Id")
[2020.01.04-17.07.12:236][  0]LogWindows: EnumDisplayDevices:
[2020.01.04-17.07.12:236][  0]LogWindows:    0. 'NVIDIA GeForce GTX 1070' (P:1 D:1)
[2020.01.04-17.07.12:237][  0]LogWindows:    1. 'NVIDIA GeForce GTX 1070' (P:0 D:0)
[2020.01.04-17.07.12:237][  0]LogWindows:    2. 'NVIDIA GeForce GTX 1070' (P:0 D:0)
[2020.01.04-17.07.12:238][  0]LogWindows:    3. 'NVIDIA GeForce GTX 1070' (P:0 D:0)
[2020.01.04-17.07.12:238][  0]LogWindows:    4. 'Intel(R) HD Graphics 530' (P:0 D:1)
[2020.01.04-17.07.12:239][  0]LogWindows:    5. 'Intel(R) HD Graphics 530' (P:0 D:0)
[2020.01.04-17.07.12:240][  0]LogWindows:    6. 'Intel(R) HD Graphics 530' (P:0 D:0)
[2020.01.04-17.07.12:240][  0]LogWindows: DebugString: GetVideoDriverDetailsInvalid PrimaryIsNotTheChoosenAdapter GetVideoDriverDetailsInvalid PrimaryIsNotTheChoosenAdapter GetVideoDriverDetailsInvalid PrimaryIsNotTheChoosenAdapter GetVideoDriverDetailsInvalid PrimaryIsNotTheChoosenAdapter GetVideoDriverDetailsInvalid PrimaryIsNotTheChoosenAdapter GetVideoDriverDetailsInvalid PrimaryIsNotTheChoosenAdapter GetVideoDriverDetailsInvalid PrimaryIsNotTheChoosenAdapter FoundDriverCount:0 
[2020.01.04-17.07.12:240][  0]LogD3D11RHI:     Adapter Name: NVIDIA GeForce GTX 1070
[2020.01.04-17.07.12:240][  0]LogD3D11RHI:   Driver Version: Unknown (internal:Unknown, unified:Unknown)
[2020.01.04-17.07.12:240][  0]LogD3D11RHI:      Driver Date: Unknown
[2020.01.04-17.07.12:240][  0]LogRHI: Texture pool is 5661 MB (70% of 8088 MB)
[2020.01.04-17.07.12:283][  0]LogD3D11RHI: Async texture creation enabled
[2020.01.04-17.07.12:294][  0]LogD3D11RHI: GPU Timing Frequency: 1000.000000 (Debug: 2 1)
[2020.01.04-17.07.12:299][  0]LogShaderCompilers: Guid format shader working directory is 0 characters bigger than the processId version (D:/001GameProject/ProjectBattle/ProjectBattle/Intermediate/Shaders/WorkingDirectory/20328/).
[2020.01.04-17.07.12:300][  0]LogShaderCompilers: Cleaned the shader compiler working directory 'C:/Users/rcasi/AppData/Local/Temp/UnrealShaderWorkingDir/4DD55F0C402C4E15E9BC89A877BE7671/'.
[2020.01.04-17.07.12:300][  0]LogShaderCompilers: Display: Using Local Shader Compiler.
[2020.01.04-17.07.13:527][  0]LogTemp: Display: Loaded TP AllDesktopTargetPlatform
[2020.01.04-17.07.13:648][  0]LogTemp: Display: Loaded TP MacClientTargetPlatform
[2020.01.04-17.07.13:768][  0]LogTemp: Display: Loaded TP MacNoEditorTargetPlatform
[2020.01.04-17.07.13:885][  0]LogTemp: Display: Loaded TP MacServerTargetPlatform
[2020.01.04-17.07.14:005][  0]LogTemp: Display: Loaded TP MacTargetPlatform
[2020.01.04-17.07.14:124][  0]LogTemp: Display: Loaded TP WindowsClientTargetPlatform
[2020.01.04-17.07.14:246][  0]LogTemp: Display: Loaded TP WindowsNoEditorTargetPlatform
[2020.01.04-17.07.14:366][  0]LogTemp: Display: Loaded TP WindowsServerTargetPlatform
[2020.01.04-17.07.14:479][  0]LogTemp: Display: Loaded TP WindowsTargetPlatform
[2020.01.04-17.07.14:596][  0]LogTemp: Display: Loaded TP Android_ASTCTargetPlatform
[2020.01.04-17.07.14:715][  0]LogTemp: Display: Loaded TP Android_ATCTargetPlatform
[2020.01.04-17.07.14:835][  0]LogTemp: Display: Loaded TP Android_DXTTargetPlatform
[2020.01.04-17.07.14:955][  0]LogTemp: Display: Loaded TP Android_ETC1TargetPlatform
[2020.01.04-17.07.15:071][  0]LogTemp: Display: Loaded TP Android_ETC2TargetPlatform
[2020.01.04-17.07.15:310][  0]LogTemp: Display: Loaded TP Android_MultiTargetPlatform
[2020.01.04-17.07.15:310][  0]LogTemp: Display: Loaded TP Android_PVRTCTargetPlatform
[2020.01.04-17.07.15:427][  0]LogTemp: Display: Loaded TP AndroidTargetPlatform
[2020.01.04-17.07.15:536][  0]LogTemp: Display: Loaded TP HTML5TargetPlatform
[2020.01.04-17.07.15:726][  0]LogTemp: Display: Loaded TP IOSTargetPlatform
[2020.01.04-17.07.15:781][  0]LogTemp: Display: Loaded TP TVOSTargetPlatform
[2020.01.04-17.07.15:902][  0]LogTemp: Display: Loaded TP LinuxClientTargetPlatform
[2020.01.04-17.07.16:019][  0]LogTemp: Display: Loaded TP LinuxNoEditorTargetPlatform
[2020.01.04-17.07.16:137][  0]LogTemp: Display: Loaded TP LinuxServerTargetPlatform
[2020.01.04-17.07.16:270][  0]LogTemp: Display: Loaded TP LinuxTargetPlatform
[2020.01.04-17.07.16:270][  0]LogTargetPlatformManager: Display: Building Assets For Windows
[2020.01.04-17.07.17:475][  0]LogDerivedDataCache: Display: Max Cache Size: 512 MB
[2020.01.04-17.07.17:526][  0]LogDerivedDataCache: Loaded boot cache 0.05s 69MB C:/Users/rcasi/AppData/Local/UnrealEngine/4.18/DerivedDataCache/Boot.ddc.
[2020.01.04-17.07.17:526][  0]LogDerivedDataCache: Display: Loaded Boot cache: C:/Users/rcasi/AppData/Local/UnrealEngine/4.18/DerivedDataCache/Boot.ddc
[2020.01.04-17.07.17:526][  0]LogDerivedDataCache: FDerivedDataBackendGraph:  Pak pak cache file D:/001GameProject/ProjectBattle/ProjectBattle/DerivedDataCache/DDC.ddp not found, will not use a pak cache.
[2020.01.04-17.07.17:526][  0]LogDerivedDataCache: Unable to find inner node Pak for hierarchical cache Hierarchy.
[2020.01.04-17.07.17:526][  0]LogDerivedDataCache: FDerivedDataBackendGraph:  CompressedPak pak cache file D:/001GameProject/ProjectBattle/ProjectBattle/DerivedDataCache/Compressed.ddp not found, will not use a pak cache.
[2020.01.04-17.07.17:526][  0]LogDerivedDataCache: Unable to find inner node CompressedPak for hierarchical cache Hierarchy.
[2020.01.04-17.07.17:540][  0]LogDerivedDataCache: Display: Pak cache opened for reading ../../../Engine/DerivedDataCache/Compressed.ddp.
[2020.01.04-17.07.17:553][  0]LogDerivedDataCache: Using Local data cache path C:/Users/rcasi/AppData/Local/UnrealEngine/Common/DerivedDataCache: Writable
[2020.01.04-17.07.17:561][  0]LogMaterial: Verifying Global Shaders for PCD3D_SM5
[2020.01.04-17.07.17:561][  0]LogSlate: Using Freetype 2.6.0
[2020.01.04-17.07.17:563][  0]LogSlate: SlateFontCache - WITH_FREETYPE: 1, WITH_HARFBUZZ: 1
[2020.01.04-17.07.17:563][  0]LogSlate: SlateFontCache - WITH_FREETYPE: 1, WITH_HARFBUZZ: 1
[2020.01.04-17.07.17:985][  0]LogInit: Selected Device Profile: [Windows]
[2020.01.04-17.07.18:683][  0]LogSimplygon: Simplygon DLL not present - disabling.
[2020.01.04-17.07.18:794][  0]LogMeshReduction: Using SimplygonSwarm for distributed automatic mesh merging
[2020.01.04-17.07.18:794][  0]LogMeshReduction: Using QuadricMeshReduction for automatic static mesh reduction
[2020.01.04-17.07.18:794][  0]LogMeshReduction: No automatic skeletal mesh reduction module available
[2020.01.04-17.07.18:794][  0]LogMeshReduction: No automatic mesh merging module available
[2020.01.04-17.07.18:794][  0]LogMeshMerging: No automatic mesh merging module available
[2020.01.04-17.07.18:849][  0]LogNetVersion: ProjectBattle , NetCL: 3709383, EngineNetVer: 2, GameNetVer: 0 (Checksum: 3295006483)
[2020.01.04-17.07.19:124][  0]LogAssetRegistry: FAssetRegistry took 0.0260 seconds to start up
[2020.01.04-17.07.19:874][  0]LogPackageLocalizationCache: Processed 7 localized package path(s) for 2 prioritized culture(s) in 0.069343 seconds
[2020.01.04-17.07.19:883][  0]LogUObjectArray: 35870 objects as part of root set at end of initial load.
[2020.01.04-17.07.19:883][  0]LogUObjectAllocator: 7363704 out of 0 bytes used by permanent object pool.
[2020.01.04-17.07.19:883][  0]LogUObjectArray: CloseDisregardForGC: 0/0 objects in disregard for GC pool
[2020.01.04-17.07.20:072][  0]LogInit: WinSock: version 1.1 (2.2), MaxSocks=32767, MaxUdp=65467
[2020.01.04-17.07.26:023][  0]LogTcpMessaging: Initializing TcpMessaging bridge
[2020.01.04-17.07.26:123][  0]LogUdpMessaging: Initializing bridge on interface 0.0.0.0:0 to multicast group 230.0.0.1:6666.
[2020.01.04-17.07.27:866][  0]LogMaterial: Uniform references updated for custom material expression Custom.
[2020.01.04-17.07.28:908][  0]SourceControl: 소스 콘트롤이 꺼졌습니다.
[2020.01.04-17.07.28:908][  0]SourceControl: 소스 콘트롤이 꺼졌습니다.
[2020.01.04-17.07.29:056][  0]SourceControl: 소스 콘트롤이 꺼졌습니다.
[2020.01.04-17.07.29:209][  0]SourceControl: 소스 콘트롤이 꺼졌습니다.
[2020.01.04-17.07.31:632][  0]LogAndroidPermission: UAndroidPermissionCallbackProxy::GetInstance
[2020.01.04-17.07.32:445][  0]LogOcInput: OculusInput pre-init called
[2020.01.04-17.07.33:215][  0]LogEngine: Initializing Engine...
[2020.01.04-17.07.33:219][  0]LogHMD: Failed to initialize OpenVR with code 110
[2020.01.04-17.07.33:245][  0]LogMaterial: Missing cached shader map for material LevelColorationUnlitMaterial, compiling. Is special engine material.
[2020.01.04-17.07.33:450][  0]LogMaterial: Missing cached shader map for material MAT_LevelColorationLitLightmapUV, compiling. Is special engine material.
[2020.01.04-17.07.34:504][  0]LogMaterial: Missing cached shader map for material ShadedLevelColorationLitMaterial, compiling. Is special engine material.
[2020.01.04-17.07.35:613][  0]LogMaterial: Missing cached shader map for material ShadedLevelColorationUnlitMateri, compiling. Is special engine material.
[2020.01.04-17.07.35:930][  0]LogMaterial: Missing cached shader map for material VertexColorMaterial, compiling. 
[2020.01.04-17.07.36:107][  0]LogMaterial: Missing cached shader map for material VertexColorViewMode_ColorOnly, compiling. 
[2020.01.04-17.07.36:145][  0]LogMaterial: Missing cached shader map for material VertexColorViewMode_AlphaAsColor, compiling. 
[2020.01.04-17.07.36:177][  0]LogMaterial: Missing cached shader map for material VertexColorViewMode_RedOnly, compiling. 
[2020.01.04-17.07.36:206][  0]LogMaterial: Missing cached shader map for material VertexColorViewMode_GreenOnly, compiling. 
[2020.01.04-17.07.36:237][  0]LogMaterial: Missing cached shader map for material VertexColorViewMode_BlueOnly, compiling. 
[2020.01.04-17.07.36:266][  0]LogMaterial: Missing cached shader map for material RemoveSurfaceMaterial, compiling. 
[2020.01.04-17.07.36:282][  0]LogMaterial: Missing cached shader map for material DebugMeshMaterial, compiling. 
[2020.01.04-17.07.36:324][  0]LogMaterial: Missing cached shader map for material M_InvalidLightmapSettings, compiling. 
[2020.01.04-17.07.36:397][  0]LogMaterial: Missing cached shader map for material GizmoMaterial, compiling. 
[2020.01.04-17.07.36:434][  0]LogMaterial: Missing cached shader map for material PhAT_JointLimitMaterial, compiling. 
[2020.01.04-17.07.36:473][  0]LogMaterial: Missing cached shader map for material GeomMaterial, compiling. 
[2020.01.04-17.07.36:498][  0]LogMaterial: Missing cached shader map for material EditorBrushMaterial, compiling. 
[2020.01.04-17.07.36:530][  0]LogMaterial: Missing cached shader map for material BoneWeightMaterial, compiling. 
[2020.01.04-17.07.36:693][  0]LogMaterial: Missing cached shader map for material ClothMaterial, compiling. 
[2020.01.04-17.07.36:725][  0]LogMaterial: Missing cached shader map for material ClothMaterial_WF, compiling. 
[2020.01.04-17.07.36:767][  0]LogMaterial: Missing cached shader map for material DebugEditorMaterial, compiling. 
[2020.01.04-17.07.36:798][  0]LogMaterial: Missing cached shader map for material PreviewShadowIndicatorMaterial, compiling. 
[2020.01.04-17.07.36:930][  0]LogStats: UGameplayTagsManager::ConstructGameplayTagTree: Construct from data asset -  0.000 s
[2020.01.04-17.07.36:930][  0]LogStats: UGameplayTagsManager::ConstructGameplayTagTree: GameplayTagTreeChangedEvent.Broadcast -  0.000 s
[2020.01.04-17.07.37:490][  0]LogAIModule: Creating AISystem for world Untitled
[2020.01.04-17.07.37:626][  0]LogInit: XAudio2 using '스피커(3- Realtek High Definition Audio)' : 2 channels at 48 kHz using 32 bits per sample (channel mask 0x3)
[2020.01.04-17.07.37:809][  0]LogInit: FAudioDevice initialized.
[2020.01.04-17.07.38:047][  0]LogDerivedDataCache: Saved boot cache 0.24s 73MB C:/Users/rcasi/AppData/Local/UnrealEngine/4.18/DerivedDataCache/Boot.ddc.
[2020.01.04-17.07.38:060][  0]LogInit: Texture streaming: Enabled
[2020.01.04-17.07.38:501][  0]LogEngineSessionManager: EngineSessionManager initialized
[2020.01.04-17.07.39:048][  0]LogInit: Transaction tracking system initialized
[2020.01.04-17.07.40:500][  0]BlueprintLog: New page: 에디터 로드
[2020.01.04-17.07.44:536][  0]LocalizationService: 현지화 서비스가 비활성화되었습니다.
[2020.01.04-17.07.47:641][  0]LogConsoleResponse: Display: 
[2020.01.04-17.07.47:738][  0]LogMaterial: Missing cached shader map for material Cross_Mat, compiling. 
[2020.01.04-17.07.47:772][  0]LogMaterial: Missing cached shader map for material PhAT_BoneSelectedMaterial, compiling. 
[2020.01.04-17.07.47:799][  0]LogMaterial: Missing cached shader map for material PhAT_ElemSelectedMaterial, compiling. 
[2020.01.04-17.07.47:824][  0]LogMaterial: Missing cached shader map for material PhAT_NoCollisionMaterial, compiling. 
[2020.01.04-17.07.47:851][  0]LogMaterial: Missing cached shader map for material PhAT_UnselectedMaterial, compiling. 
[2020.01.04-17.07.47:884][  0]LogMaterial: Missing cached shader map for material Tick_Mat, compiling. 
[2020.01.04-17.07.47:923][  0]LogMaterial: Missing cached shader map for material WidgetGridVertexColorMaterial_Ma, compiling. 
[2020.01.04-17.07.47:946][  0]LogMaterial: Missing cached shader map for material WidgetMaterial, compiling. 
[2020.01.04-17.07.47:969][  0]LogMaterial: Missing cached shader map for material WidgetMaterial_Current, compiling. 
[2020.01.04-17.07.47:992][  0]LogMaterial: Missing cached shader map for material WidgetMaterial_X, compiling. 
[2020.01.04-17.07.48:014][  0]LogMaterial: Missing cached shader map for material WidgetMaterial_Y, compiling. 
[2020.01.04-17.07.48:038][  0]LogMaterial: Missing cached shader map for material WidgetMaterial_Z, compiling. 
[2020.01.04-17.07.48:062][  0]LogMaterial: Missing cached shader map for material WidgetVertexColorMaterial, compiling. 
[2020.01.04-17.07.48:160][  0]LogMaterial: Missing cached shader map for material LevelGridMaterial, compiling. 
[2020.01.04-17.07.48:247][  0]LogMaterial: Missing cached shader map for material BlinkingCaret, compiling. 
[2020.01.04-17.07.48:317][  0]LogMaterial: Missing cached shader map for material M_StreamingPause, compiling. 
[2020.01.04-17.07.48:365][  0]LogCook: Display: Max memory allowance for cook 16384mb min free memory 0mb
[2020.01.04-17.07.48:365][  0]LogCook: Display: Mobile HDR setting 1
[2020.01.04-17.07.48:365][  0]LogGameplayTags: Display: UGameplayTagsManager::DoneAddingNativeTags. DelegateIsBound: 0
[2020.01.04-17.07.49:014][  0]LogFileCache: Scanning file cache for directory 'D:/001GameProject/ProjectBattle/ProjectBattle/Content/' took 0.01s
[2020.01.04-17.07.53:394][  0]SourceControl: 소스 콘트롤이 꺼졌습니다.
[2020.01.04-17.07.53:394][  0]Cmd: MAP LOAD FILE="D:/001GameProject/ProjectBattle/ProjectBattle/Content/ThirdPersonBP/Maps/ThirdPersonExampleMap.umap" TEMPLATE=0 SHOWPROGRESS=1 FEATURELEVEL=3
[2020.01.04-17.07.53:395][  0]LightingResults: New page: 라이팅 빌드
[2020.01.04-17.07.53:574][  0]MapCheck: New page: 맵 체크
[2020.01.04-17.07.53:574][  0]LightingResults: New page: 라이팅 빌드
[2020.01.04-17.07.54:066][  0]LogMaterial: Missing cached shader map for material M_Sky_Panning_Clouds2, compiling. 
[2020.01.04-17.07.54:180][  0]LogMaterial: Missing cached shader map for material RampMaterial, compiling. 
[2020.01.04-17.07.54:230][  0]LogMaterial: Missing cached shader map for material M_UE4Man_Body, compiling. 
[2020.01.04-17.07.54:407][  0]LogMaterial: Missing cached shader map for material M_UE4Man_Body, compiling. 
[2020.01.04-17.07.54:592][  0]LogMaterial: Missing cached shader map for material CubeMaterial, compiling. 
[2020.01.04-17.07.54:642][  0]LogAIModule: Creating AISystem for world ThirdPersonExampleMap
[2020.01.04-17.07.54:699][  0]LogEditorServer: Finished looking for orphan Actors (0.000 secs)
[2020.01.04-17.07.54:716][  0]Cmd: MAP CHECKDEP NOCLEARLOG
[2020.01.04-17.07.54:938][  0]MapCheck: 맵 체크 완료: 오류 0 회, 경고 0 회, 소요 시간 222.141ms.
[2020.01.04-17.07.54:938][  0]LogFileHelpers: Loading map 'ThirdPersonExampleMap' took 1.543
[2020.01.04-17.07.55:229][  0]LogCollectionManager: Loaded 0 collections in 0.002974 seconds
[2020.01.04-17.07.55:480][  0]LogFileCache: Scanning file cache for directory 'D:/001GameProject/ProjectBattle/ProjectBattle/Saved/Collections/' took 0.01s
[2020.01.04-17.07.55:480][  0]LogFileCache: Scanning file cache for directory 'D:/001GameProject/ProjectBattle/ProjectBattle/Content/Developers/rcasi/Collections/' took 0.01s
[2020.01.04-17.07.55:480][  0]LogFileCache: Scanning file cache for directory 'D:/001GameProject/ProjectBattle/ProjectBattle/Content/Collections/' took 0.01s
[2020.01.04-17.07.55:480][  0]LogCollectionManager: Rebuilt the GUID cache for 0 collections in 0.000001 seconds
[2020.01.04-17.07.55:494][  0]LogContentBrowser: Native class hierarchy populated in 0.0134 seconds. Added 2363 classes and 519 folders.
[2020.01.04-17.07.55:777][  0]LogContentBrowser: Native class hierarchy updated for 'WidgetCarousel' in 0.0004 seconds. Added 0 classes and 0 folders.
[2020.01.04-17.07.55:912][  0]LogContentBrowser: Native class hierarchy updated for 'AddContentDialog' in 0.0004 seconds. Added 0 classes and 0 folders.
[2020.01.04-17.07.56:101][  0]LogContentBrowser: Native class hierarchy updated for 'SceneOutliner' in 0.0005 seconds. Added 1 classes and 2 folders.
[2020.01.04-17.07.56:170][  0]LogSlate: Took 0.000980 seconds to synchronously load lazily loaded font '../../../Engine/Content/Slate/Fonts/Roboto-Regular.ttf' (155K)
[2020.01.04-17.07.56:182][  0]LogSlate: Took 0.007566 seconds to synchronously load lazily loaded font '../../../Engine/Content/Slate/Fonts/NanumGothic.ttf' (4243K)
[2020.01.04-17.07.56:185][  0]LogSlate: Took 0.001462 seconds to synchronously load lazily loaded font '../../../Engine/Content/Slate/Fonts/Roboto-Bold.ttf' (160K)
[2020.01.04-17.07.56:192][  0]LogSlate: Took 0.001528 seconds to synchronously load lazily loaded font '../../../Engine/Content/Editor/Slate/Fonts/FontAwesome.ttf' (139K)
[2020.01.04-17.07.56:278][  0]LogMaterial: Missing cached shader map for material LevelGridMaterial2, compiling. 
[2020.01.04-17.07.56:382][  0]LogRenderer: Reallocating scene render targets to support 1616x808 Format 10 NumSamples 1 (Frame:1).
[2020.01.04-17.07.56:955][  0]LogContentBrowser: Native class hierarchy updated for 'HierarchicalLODOutliner' in 0.0004 seconds. Added 1 classes and 2 folders.
[2020.01.04-17.07.56:955][  0]LogLoad: (Engine Initialization) Total time: 51.19 seconds
[2020.01.04-17.07.56:955][  0]LogLoad: (Engine Initialization) Total Blueprint compile time: 0.00 seconds
[2020.01.04-17.07.56:955][  0]LogExternalProfiler: No external profilers were discovered.  External profiling features will not be available.
[2020.01.04-17.07.56:998][  0]LogContentStreaming: Texture pool size now 1000 MB
[2020.01.04-17.07.57:077][  1]LogAssetRegistry: Asset discovery search completed in 37.9744 seconds
[2020.01.04-17.07.57:079][  1]LogCollectionManager: Rebuilt the object cache for 0 collections in 0.000000 seconds (found 0 objects)
[2020.01.04-17.07.57:079][  1]LogCollectionManager: Fixed up redirectors for 0 collections in 0.000077 seconds (updated 0 objects)
[2020.01.04-17.08.13:268][788]LogSlate: Took 0.000457 seconds to synchronously load lazily loaded font '../../../Engine/Content/Slate/Fonts/Roboto-Light.ttf' (159K)
[2020.01.04-17.08.13:471][788]LogSavePackage: Save=162.97ms
[2020.01.04-17.08.13:471][788]LogSavePackage: Moving 'D:/001GameProject/ProjectBattle/ProjectBattle/Saved/ThirdPersonExampleMapFF3D385F4996258DBB4FE3A461A5DB02.tmp' to 'D:/001GameProject/ProjectBattle/ProjectBattle/Content/ThirdPersonBP/Maps/ThirdPersonExampleMap.umap'
[2020.01.04-17.08.13:475][788]LogSavePackage: Display: Finished SavePackage D:/001GameProject/ProjectBattle/ProjectBattle/Content/ThirdPersonBP/Maps/ThirdPersonExampleMap.umap
[2020.01.04-17.08.13:695][788]LogSavePackage: Save=198.07ms
[2020.01.04-17.08.13:695][788]LogSavePackage: Moving 'D:/001GameProject/ProjectBattle/ProjectBattle/Saved/ThirdPersonExampleMap_BuiltData6AAEAB424AB520780956EE8149334E7D.tmp' to 'D:/001GameProject/ProjectBattle/ProjectBattle/Content/ThirdPersonBP/Maps/ThirdPersonExampleMap_BuiltData.uasset'
[2020.01.04-17.08.13:698][788]LogSavePackage: Display: Finished SavePackage D:/001GameProject/ProjectBattle/ProjectBattle/Content/ThirdPersonBP/Maps/ThirdPersonExampleMap_BuiltData.uasset
[2020.01.04-17.08.15:492][963]LogSavePackage: Save=137.93ms
[2020.01.04-17.08.15:493][963]LogSavePackage: Moving 'D:/001GameProject/ProjectBattle/ProjectBattle/Saved/ThirdPersonExampleMap12D19FA9485E133699E6A0B4F314214F.tmp' to 'D:/001GameProject/ProjectBattle/ProjectBattle/Content/ThirdPersonBP/Maps/ThirdPersonExampleMap.umap'
[2020.01.04-17.08.15:497][963]LogSavePackage: Display: Finished SavePackage D:/001GameProject/ProjectBattle/ProjectBattle/Content/ThirdPersonBP/Maps/ThirdPersonExampleMap.umap
[2020.01.04-17.08.15:652][963]LogSavePackage: Save=141.55ms
[2020.01.04-17.08.15:652][963]LogSavePackage: Moving 'D:/001GameProject/ProjectBattle/ProjectBattle/Saved/ThirdPersonExampleMap_BuiltDataD909531D488FF27B1F3D508470FF9C0B.tmp' to 'D:/001GameProject/ProjectBattle/ProjectBattle/Content/ThirdPersonBP/Maps/ThirdPersonExampleMap_BuiltData.uasset'
[2020.01.04-17.08.15:654][963]LogSavePackage: Display: Finished SavePackage D:/001GameProject/ProjectBattle/ProjectBattle/Content/ThirdPersonBP/Maps/ThirdPersonExampleMap_BuiltData.uasset
[2020.01.04-17.08.37:381][501]LogWindowsTextInputMethodSystem: Display: IME system now activated using TSF (Microsoft 입력기).
[2020.01.04-17.08.37:578][502]Cmd: QUIT_EDITOR
[2020.01.04-17.08.37:653][502]LogExit: Preparing to exit.
[2020.01.04-17.08.38:269][502]LogExit: Editor shut down
[2020.01.04-17.08.38:271][502]LogExit: Transaction tracking system shut down
[2020.01.04-17.08.38:501][502]LogDirectoryWatcher: A directory notification for '../../../Engine/Content/' was aborted.
[2020.01.04-17.08.38:501][502]LogDirectoryWatcher: A directory notification for 'D:/001GameProject/ProjectBattle/ProjectBattle/Content/' was aborted.
[2020.01.04-17.08.38:501][502]LogDirectoryWatcher: A directory notification for '../../../Engine/Plugins/2D/Paper2D/Content/' was aborted.
[2020.01.04-17.08.38:501][502]LogDirectoryWatcher: A directory notification for '../../../Engine/Plugins/Media/MediaCompositing/Content/' was aborted.
[2020.01.04-17.08.38:501][502]LogDirectoryWatcher: A directory notification for '../../../Engine/Plugins/Runtime/AppleARKit/Content/' was aborted.
[2020.01.04-17.08.38:501][502]LogDirectoryWatcher: A directory notification for '../../../Engine/Plugins/Runtime/Oculus/OculusVR/Content/' was aborted.
[2020.01.04-17.08.38:501][502]LogDirectoryWatcher: A directory notification for '../../../Engine/Plugins/Runtime/Steam/SteamVR/Content/' was aborted.
[2020.01.04-17.08.38:549][502]LogExit: Object subsystem successfully closed.
[2020.01.04-17.08.38:720][502]LogD3D11RHI: Shutdown
[2020.01.04-17.08.38:720][502]LogD3D11RHI: CleanupD3DDevice
[2020.01.04-17.08.38:749][502]LogD3D11RHI: ~FD3D11DynamicRHI
[2020.01.04-17.08.38:786][502]LogModuleManager: Shutting down and abandoning module HierarchicalLODOutliner (548)
[2020.01.04-17.08.38:786][502]LogModuleManager: Shutting down and abandoning module SceneOutliner (546)
[2020.01.04-17.08.38:786][502]LogModuleManager: Shutting down and abandoning module AddContentDialog (544)
[2020.01.04-17.08.38:786][502]LogDirectoryWatcher: A directory notification for 'C:/Program Files/Epic Games/UE_4.18/FeaturePacks/' was aborted.
[2020.01.04-17.08.38:787][502]LogModuleManager: Shutting down and abandoning module WidgetCarousel (543)
[2020.01.04-17.08.38:787][502]LogModuleManager: Shutting down and abandoning module EditorWidgets (540)
[2020.01.04-17.08.38:787][502]LogModuleManager: Shutting down and abandoning module CollectionManager (538)
[2020.01.04-17.08.38:788][502]LogDirectoryWatcher: A directory notification for 'D:/001GameProject/ProjectBattle/ProjectBattle/Content/Collections/' was aborted.
[2020.01.04-17.08.38:788][502]LogDirectoryWatcher: A directory notification for 'D:/001GameProject/ProjectBattle/ProjectBattle/Content/Developers/rcasi/Collections/' was aborted.
[2020.01.04-17.08.38:788][502]LogDirectoryWatcher: A directory notification for 'D:/001GameProject/ProjectBattle/ProjectBattle/Saved/Collections/' was aborted.
[2020.01.04-17.08.38:788][502]LogModuleManager: Shutting down and abandoning module StatsViewer (536)
[2020.01.04-17.08.38:788][502]LogModuleManager: Shutting down and abandoning module FoliageEdit (534)
[2020.01.04-17.08.38:788][502]LogModuleManager: Shutting down and abandoning module LandscapeEditor (532)
[2020.01.04-17.08.38:788][502]LogModuleManager: Shutting down and abandoning module MeshPaintMode (530)
[2020.01.04-17.08.38:788][502]LogModuleManager: Shutting down and abandoning module SceneDepthPickerMode (528)
[2020.01.04-17.08.38:788][502]LogModuleManager: Shutting down and abandoning module ActorPickerMode (526)
[2020.01.04-17.08.38:788][502]LogModuleManager: Shutting down and abandoning module GeometryMode (524)
[2020.01.04-17.08.38:788][502]LogModuleManager: Shutting down and abandoning module TextureAlignMode (522)
[2020.01.04-17.08.38:788][502]LogModuleManager: Shutting down and abandoning module BspMode (520)
[2020.01.04-17.08.38:788][502]LogModuleManager: Shutting down and abandoning module PIEPreviewDeviceProfileSelector (518)
[2020.01.04-17.08.38:788][502]LogModuleManager: Shutting down and abandoning module HardwareSurvey (516)
[2020.01.04-17.08.38:788][502]LogModuleManager: Shutting down and abandoning module SequenceRecorderSections (514)
[2020.01.04-17.08.38:788][502]LogModuleManager: Shutting down and abandoning module AutomationWorker (512)
[2020.01.04-17.08.38:788][502]LogModuleManager: Shutting down and abandoning module MatineeToLevelSequence (510)
[2020.01.04-17.08.38:788][502]LogModuleManager: Shutting down and abandoning module LevelSequenceEditor (508)
[2020.01.04-17.08.38:788][502]LogModuleManager: Shutting down and abandoning module PlacementMode (507)
[2020.01.04-17.08.38:788][502]LogModuleManager: Shutting down and abandoning module WmfMediaFactory (504)
[2020.01.04-17.08.38:788][502]LogModuleManager: Shutting down and abandoning module WmfMediaEditor (502)
[2020.01.04-17.08.38:788][502]LogModuleManager: Shutting down and abandoning module OpenExrWrapper (500)
[2020.01.04-17.08.38:788][502]LogModuleManager: Shutting down and abandoning module ImgMediaFactory (498)
[2020.01.04-17.08.38:788][502]LogModuleManager: Shutting down and abandoning module ImgMediaEditor (496)
[2020.01.04-17.08.38:788][502]LogModuleManager: Shutting down and abandoning module AvfMediaFactory (494)
[2020.01.04-17.08.38:788][502]LogModuleManager: Shutting down and abandoning module AvfMediaEditor (492)
[2020.01.04-17.08.38:788][502]LogModuleManager: Shutting down and abandoning module AndroidMediaFactory (490)
[2020.01.04-17.08.38:788][502]LogModuleManager: Shutting down and abandoning module AndroidMediaEditor (488)
[2020.01.04-17.08.38:788][502]LogModuleManager: Shutting down and abandoning module CharacterAI (486)
[2020.01.04-17.08.38:788][502]LogModuleManager: Shutting down and abandoning module AudioCapture (484)
[2020.01.04-17.08.38:788][502]LogModuleManager: Shutting down and abandoning module SequenceRecorder (483)
[2020.01.04-17.08.38:789][502]LogModuleManager: Shutting down and abandoning module SmartSnapping (480)
[2020.01.04-17.08.38:789][502]LogModuleManager: Shutting down and abandoning module SessionServices (478)
[2020.01.04-17.08.38:789][502]LogModuleManager: Shutting down and abandoning module ViewportSnapping (476)
[2020.01.04-17.08.38:789][502]LogModuleManager: Shutting down and abandoning module ViewportInteraction (474)
[2020.01.04-17.08.38:789][502]LogModuleManager: Shutting down and abandoning module ClothPainter (472)
[2020.01.04-17.08.38:789][502]LogModuleManager: Shutting down and abandoning module SkeletalMeshEditor (471)
[2020.01.04-17.08.38:789][502]LogModuleManager: Shutting down and abandoning module LogVisualizer (468)
[2020.01.04-17.08.38:789][502]LogModuleManager: Shutting down and abandoning module IntroTutorials (466)
[2020.01.04-17.08.38:789][502]LogModuleManager: Shutting down and abandoning module GameProjectGeneration (465)
[2020.01.04-17.08.38:789][502]LogModuleManager: Shutting down and abandoning module IOSPlatformEditor (462)
[2020.01.04-17.08.38:789][502]LogModuleManager: Shutting down and abandoning module HTML5PlatformEditor (460)
[2020.01.04-17.08.38:789][502]LogModuleManager: Shutting down and abandoning module AndroidPlatformEditor (458)
[2020.01.04-17.08.38:789][502]LogModuleManager: Shutting down and abandoning module AndroidDeviceDetection (457)
[2020.01.04-17.08.39:176][502]LogModuleManager: Shutting down and abandoning module WindowsPlatformEditor (454)
[2020.01.04-17.08.39:176][502]LogModuleManager: Shutting down and abandoning module IOSRuntimeSettings (452)
[2020.01.04-17.08.39:177][502]LogModuleManager: Shutting down and abandoning module AndroidRuntimeSettings (450)
[2020.01.04-17.08.39:177][502]LogModuleManager: Shutting down and abandoning module InputBindingEditor (448)
[2020.01.04-17.08.39:177][502]LogModuleManager: Shutting down and abandoning module MergeActors (446)
[2020.01.04-17.08.39:177][502]LogModuleManager: Shutting down and abandoning module SizeMap (444)
[2020.01.04-17.08.39:177][502]LogModuleManager: Shutting down and abandoning module TreeMap (442)
[2020.01.04-17.08.39:177][502]LogModuleManager: Shutting down and abandoning module ReferenceViewer (440)
[2020.01.04-17.08.39:177][502]LogModuleManager: Shutting down and abandoning module LocalizationDashboard (438)
[2020.01.04-17.08.39:177][502]LogModuleManager: Shutting down and abandoning module LocalizationService (437)
[2020.01.04-17.08.39:177][502]LogModuleManager: Shutting down and abandoning module HardwareTargeting (434)
[2020.01.04-17.08.39:177][502]LogModuleManager: Shutting down and abandoning module DeviceProfileEditor (432)
[2020.01.04-17.08.39:177][502]LogModuleManager: Shutting down and abandoning module UndoHistory (430)
[2020.01.04-17.08.39:177][502]LogModuleManager: Shutting down and abandoning module XmlParser (428)
[2020.01.04-17.08.39:177][502]LogModuleManager: Shutting down and abandoning module Blutility (426)
[2020.01.04-17.08.39:177][502]LogModuleManager: Shutting down and abandoning module ProjectSettingsViewer (424)
[2020.01.04-17.08.39:177][502]LogModuleManager: Shutting down and abandoning module ProjectTargetPlatformEditor (423)
[2020.01.04-17.08.39:178][502]LogModuleManager: Shutting down and abandoning module EditorSettingsViewer (420)
[2020.01.04-17.08.39:178][502]LogModuleManager: Shutting down and abandoning module SettingsEditor (418)
[2020.01.04-17.08.39:178][502]LogModuleManager: Shutting down and abandoning module ProjectLauncher (416)
[2020.01.04-17.08.39:178][502]LogModuleManager: Shutting down and abandoning module SessionFrontend (414)
[2020.01.04-17.08.39:178][502]LogModuleManager: Shutting down and abandoning module ProfilerClient (412)
[2020.01.04-17.08.39:178][502]LogModuleManager: Shutting down and abandoning module DeviceManager (410)
[2020.01.04-17.08.39:178][502]LogModuleManager: Shutting down and abandoning module TargetDeviceServices (409)
[2020.01.04-17.08.39:233][502]LogModuleManager: Shutting down and abandoning module AutomationController (406)
[2020.01.04-17.08.39:233][502]LogModuleManager: Shutting down and abandoning module AutomationWindow (404)
[2020.01.04-17.08.39:233][502]LogModuleManager: Shutting down and abandoning module Layers (402)
[2020.01.04-17.08.39:233][502]LogModuleManager: Shutting down and abandoning module ComponentVisualizers (400)
[2020.01.04-17.08.39:233][502]LogModuleManager: Shutting down and abandoning module DetailCustomizations (398)
[2020.01.04-17.08.39:233][502]LogModuleManager: Shutting down and abandoning module PackagesDialog (396)
[2020.01.04-17.08.39:233][502]LogModuleManager: Shutting down and abandoning module Persona (394)
[2020.01.04-17.08.39:233][502]LogModuleManager: Shutting down and abandoning module AdvancedPreviewScene (393)
[2020.01.04-17.08.39:233][502]LogModuleManager: Shutting down and abandoning module AnimGraph (391)
[2020.01.04-17.08.39:233][502]LogModuleManager: Shutting down and abandoning module Kismet (388)
[2020.01.04-17.08.39:233][502]LogModuleManager: Shutting down and abandoning module ClassViewer (386)
[2020.01.04-17.08.39:234][502]LogModuleManager: Shutting down and abandoning module Toolbox (384)
[2020.01.04-17.08.39:234][502]LogModuleManager: Shutting down and abandoning module ModuleUI (382)
[2020.01.04-17.08.39:234][502]LogModuleManager: Shutting down and abandoning module MovieSceneTools (380)
[2020.01.04-17.08.39:234][502]LogModuleManager: Shutting down and abandoning module OutputLog (378)
[2020.01.04-17.08.39:234][502]LogModuleManager: Shutting down and abandoning module GammaUI (376)
[2020.01.04-17.08.39:234][502]LogModuleManager: Shutting down and abandoning module Documentation (374)
[2020.01.04-17.08.39:234][502]LogModuleManager: Shutting down and abandoning module MovieSceneTracks (372)
[2020.01.04-17.08.39:234][502]LogModuleManager: Shutting down and abandoning module MovieScene (370)
[2020.01.04-17.08.39:234][502]LogModuleManager: Shutting down and abandoning module StreamingPauseRendering (368)
[2020.01.04-17.08.39:234][502]LogModuleManager: Shutting down and abandoning module LauncherPlatform (366)
[2020.01.04-17.08.39:234][502]LogModuleManager: Shutting down and abandoning module AnalyticsET (364)
[2020.01.04-17.08.39:234][502]LogModuleManager: Shutting down and abandoning module PortalServices (362)
[2020.01.04-17.08.39:234][502]LogModuleManager: Shutting down and abandoning module PortalRpc (360)
[2020.01.04-17.08.39:234][502]LogModuleManager: Shutting down and abandoning module MessagingRpc (358)
[2020.01.04-17.08.39:234][502]LogModuleManager: Shutting down and abandoning module AIModule (356)
[2020.01.04-17.08.39:234][502]LogModuleManager: Shutting down and abandoning module GameplayDebugger (355)
[2020.01.04-17.08.39:234][502]LogModuleManager: Shutting down and abandoning module AITestSuite (353)
[2020.01.04-17.08.39:234][502]LogModuleManager: Shutting down and abandoning module DesktopPlatform (350)
[2020.01.04-17.08.39:234][502]LogModuleManager: Shutting down and abandoning module ProfilerService (348)
[2020.01.04-17.08.39:476][502]LogModuleManager: Shutting down and abandoning module TaskGraph (346)
[2020.01.04-17.08.39:476][502]LogModuleManager: Shutting down and abandoning module SteamVRController (344)
[2020.01.04-17.08.39:476][502]LogModuleManager: Shutting down and abandoning module ProceduralMeshComponentEditor (342)
[2020.01.04-17.08.39:476][502]LogModuleManager: Shutting down and abandoning module ProceduralMeshComponent (340)
[2020.01.04-17.08.39:476][502]LogModuleManager: Shutting down and abandoning module OculusInput (338)
[2020.01.04-17.08.39:476][502]LogModuleManager: Shutting down and abandoning module MobilePatchingUtils (336)
[2020.01.04-17.08.39:476][502]LogModuleManager: Shutting down and abandoning module CustomMeshComponent (334)
[2020.01.04-17.08.39:476][502]LogModuleManager: Shutting down and abandoning module CableComponent (332)
[2020.01.04-17.08.39:476][502]LogModuleManager: Shutting down and abandoning module ArchVisCharacter (330)
[2020.01.04-17.08.39:476][502]LogModuleManager: Shutting down and abandoning module AndroidPermission (328)
[2020.01.04-17.08.39:476][502]LogModuleManager: Shutting down and abandoning module ActorSequence (324)
[2020.01.04-17.08.39:477][502]LogModuleManager: Shutting down and abandoning module MediaPlayerEditor (322)
[2020.01.04-17.08.39:477][502]LogModuleManager: Shutting down and abandoning module MediaCompositingEditor (320)
[2020.01.04-17.08.39:477][502]LogModuleManager: Shutting down and abandoning module MediaCompositing (318)
[2020.01.04-17.08.39:477][502]LogModuleManager: Shutting down and abandoning module HTML5Networking (316)
[2020.01.04-17.08.39:477][502]LogModuleManager: Shutting down and abandoning module AlembicImporter (314)
[2020.01.04-17.08.39:477][502]LogModuleManager: Shutting down and abandoning module AlembicLibrary (313)
[2020.01.04-17.08.39:477][502]LogModuleManager: Shutting down and abandoning module GeometryCache (312)
[2020.01.04-17.08.39:477][502]LogModuleManager: Shutting down and abandoning module GeometryCacheEd (311)
[2020.01.04-17.08.39:477][502]LogModuleManager: Shutting down and abandoning module SpeedTreeImporter (306)
[2020.01.04-17.08.39:477][502]LogModuleManager: Shutting down and abandoning module PluginBrowser (304)
[2020.01.04-17.08.39:477][502]LogModuleManager: Shutting down and abandoning module MobileLauncherProfileWizard (302)
[2020.01.04-17.08.39:477][502]LogModuleManager: Shutting down and abandoning module VisualStudioSourceCodeAccess (300)
[2020.01.04-17.08.39:477][502]LogModuleManager: Shutting down and abandoning module VisualStudioCodeSourceCodeAccess (298)
[2020.01.04-17.08.39:477][502]LogModuleManager: Shutting down and abandoning module UObjectPlugin (296)
[2020.01.04-17.08.39:477][502]LogModuleManager: Shutting down and abandoning module SubversionSourceControl (294)
[2020.01.04-17.08.39:477][502]LogModuleManager: Shutting down and abandoning module PerforceSourceControl (292)
[2020.01.04-17.08.39:477][502]LogModuleManager: Shutting down and abandoning module GitSourceControl (290)
[2020.01.04-17.08.39:477][502]LogModuleManager: Shutting down and abandoning module SourceControl (289)
[2020.01.04-17.08.39:477][502]LogModuleManager: Shutting down and abandoning module LightPropagationVolumeEditor (286)
[2020.01.04-17.08.39:477][502]LogModuleManager: Shutting down and abandoning module PaperTiledImporter (284)
[2020.01.04-17.08.39:477][502]LogModuleManager: Shutting down and abandoning module PaperSpriteSheetImporter (282)
[2020.01.04-17.08.39:477][502]LogModuleManager: Shutting down and abandoning module Paper2DEditor (280)
[2020.01.04-17.08.39:477][502]LogModuleManager: Shutting down and abandoning module MeshPaint (279)
[2020.01.04-17.08.39:477][502]LogModuleManager: Shutting down and abandoning module LevelEditor (277)
[2020.01.04-17.08.39:478][502]LogModuleManager: Shutting down and abandoning module PixelInspectorModule (276)
[2020.01.04-17.08.39:478][502]LogModuleManager: Shutting down and abandoning module MainFrame (274)
[2020.01.04-17.08.39:478][502]LogModuleManager: Shutting down and abandoning module HotReload (273)
[2020.01.04-17.08.39:479][502]LogModuleManager: Shutting down and abandoning module RuntimePhysXCooking (268)
[2020.01.04-17.08.39:479][502]LogModuleManager: Shutting down and abandoning module PhysXVehiclesEditor (266)
[2020.01.04-17.08.39:479][502]LogModuleManager: Shutting down and abandoning module PhysXVehicles (264)
[2020.01.04-17.08.39:479][502]LogModuleManager: Shutting down and abandoning module OculusEditor (262)
[2020.01.04-17.08.39:479][502]LogModuleManager: Shutting down and abandoning module LocationServicesBPLibrary (260)
[2020.01.04-17.08.39:479][502]LogModuleManager: Shutting down and abandoning module ImmediatePhysicsEditor (258)
[2020.01.04-17.08.39:479][502]LogModuleManager: Shutting down and abandoning module ImmediatePhysics (256)
[2020.01.04-17.08.39:479][502]LogModuleManager: Shutting down and abandoning module UdpMessaging (254)
[2020.01.04-17.08.39:580][502]LogModuleManager: Shutting down and abandoning module TcpMessaging (252)
[2020.01.04-17.08.39:681][502]LogModuleManager: Shutting down and abandoning module GameplayTagsEditor (250)
[2020.01.04-17.08.39:681][502]LogModuleManager: Shutting down and abandoning module FacialAnimationEditor (248)
[2020.01.04-17.08.39:681][502]LogModuleManager: Shutting down and abandoning module FacialAnimation (246)
[2020.01.04-17.08.39:681][502]LogModuleManager: Shutting down and abandoning module AssetManagerEditor (244)
[2020.01.04-17.08.39:681][502]LogModuleManager: Shutting down and abandoning module GraphEditor (243)
[2020.01.04-17.08.39:681][502]LogModuleManager: Shutting down and abandoning module ContentBrowser (241)
[2020.01.04-17.08.39:683][502]LogModuleManager: Shutting down and abandoning module LightPropagationVolumeRuntime (238)
[2020.01.04-17.08.39:683][502]LogModuleManager: Shutting down and abandoning module Paper2D (236)
[2020.01.04-17.08.39:683][502]LogModuleManager: Shutting down and abandoning module WindowsMoviePlayer (234)
[2020.01.04-17.08.39:683][502]LogModuleManager: Shutting down and abandoning module WmfMedia (232)
[2020.01.04-17.08.39:687][502]LogModuleManager: Shutting down and abandoning module ImgMedia (230)
[2020.01.04-17.08.39:687][502]LogModuleManager: Shutting down and abandoning module PacketHandler (228)
[2020.01.04-17.08.39:687][502]LogModuleManager: Shutting down and abandoning module ClothingSystemEditor (226)
[2020.01.04-17.08.39:688][502]LogModuleManager: Shutting down and abandoning module ClothingSystemRuntime (224)
[2020.01.04-17.08.39:688][502]LogModuleManager: Shutting down and abandoning module MediaAssets (222)
[2020.01.04-17.08.39:688][502]LogModuleManager: Shutting down and abandoning module Media (221)
[2020.01.04-17.08.39:695][502]LogModuleManager: Shutting down and abandoning module Overlay (218)
[2020.01.04-17.08.39:695][502]LogModuleManager: Shutting down and abandoning module OverlayEditor (217)
[2020.01.04-17.08.39:695][502]LogModuleManager: Shutting down and abandoning module VREditor (214)
[2020.01.04-17.08.39:695][502]LogModuleManager: Shutting down and abandoning module StringTableEditor (212)
[2020.01.04-17.08.39:695][502]LogModuleManager: Shutting down and abandoning module GameplayTasksEditor (210)
[2020.01.04-17.08.39:695][502]LogModuleManager: Shutting down and abandoning module BehaviorTreeEditor (208)
[2020.01.04-17.08.39:695][502]LogModuleManager: Shutting down and abandoning module FunctionalTesting (206)
[2020.01.04-17.08.39:696][502]LogModuleManager: Shutting down and abandoning module CollisionAnalyzer (204)
[2020.01.04-17.08.39:696][502]LogModuleManager: Shutting down and abandoning module WorkspaceMenuStructure (203)
[2020.01.04-17.08.39:696][502]LogModuleManager: Shutting down and abandoning module UMG (200)
[2020.01.04-17.08.39:696][502]LogModuleManager: Shutting down and abandoning module UMGEditor (199)
[2020.01.04-17.08.39:696][502]LogModuleManager: Shutting down and abandoning module Sequencer (198)
[2020.01.04-17.08.39:696][502]LogModuleManager: Shutting down and abandoning module MessageLog (195)
[2020.01.04-17.08.39:696][502]LogModuleManager: Shutting down and abandoning module SlateReflector (190)
[2020.01.04-17.08.39:696][502]LogModuleManager: Shutting down and abandoning module Slate (188)
[2020.01.04-17.08.39:696][502]LogModuleManager: Shutting down and abandoning module EditorStyle (186)
[2020.01.04-17.08.39:704][502]LogModuleManager: Shutting down and abandoning module MRMesh (184)
[2020.01.04-17.08.39:704][502]LogModuleManager: Shutting down and abandoning module SourceCodeAccess (182)
[2020.01.04-17.08.39:704][502]LogModuleManager: Shutting down and abandoning module HeadMountedDisplay (180)
[2020.01.04-17.08.39:705][502]LogModuleManager: Shutting down and abandoning module XAudio2 (178)
[2020.01.04-17.08.39:705][502]LogModuleManager: Shutting down and abandoning module Networking (176)
[2020.01.04-17.08.39:705][502]LogModuleManager: Shutting down and abandoning module Core (172)
[2020.01.04-17.08.39:705][502]LogModuleManager: Shutting down and abandoning module LevelSequence (168)
[2020.01.04-17.08.39:705][502]LogModuleManager: Shutting down and abandoning module DirectoryWatcher (166)
[2020.01.04-17.08.39:705][502]LogModuleManager: Shutting down and abandoning module KismetCompiler (164)
[2020.01.04-17.08.39:705][502]LogModuleManager: Shutting down and abandoning module MeshUtilities (162)
[2020.01.04-17.08.39:706][502]LogModuleManager: Shutting down and abandoning module MeshMergeUtilities (161)
[2020.01.04-17.08.39:706][502]LogModuleManager: Shutting down and abandoning module MeshReductionInterface (160)
[2020.01.04-17.08.39:706][502]LogModuleManager: Shutting down and abandoning module SimplygonSwarm (159)
[2020.01.04-17.08.39:706][502]LogModuleManager: Shutting down and abandoning module SimplygonMeshReduction (157)
[2020.01.04-17.08.39:706][502]LogModuleManager: Shutting down and abandoning module QuadricMeshReduction (155)
[2020.01.04-17.08.39:706][502]LogModuleManager: Shutting down and abandoning module MaterialBaking (151)
[2020.01.04-17.08.39:706][502]LogModuleManager: Shutting down and abandoning module DerivedDataCache (148)
[2020.01.04-17.08.40:200][502]LogDerivedDataCache: Shutdown
[2020.01.04-17.08.40:200][502]LogModuleManager: Shutting down and abandoning module TargetPlatform (146)
[2020.01.04-17.08.40:200][502]LogModuleManager: Shutting down and abandoning module VulkanShaderFormat (145)
[2020.01.04-17.08.40:200][502]LogModuleManager: Shutting down and abandoning module ShaderFormatVectorVM (143)
[2020.01.04-17.08.40:200][502]LogModuleManager: Shutting down and abandoning module ShaderFormatOpenGL (141)
[2020.01.04-17.08.40:200][502]LogModuleManager: Shutting down and abandoning module ShaderFormatD3D (139)
[2020.01.04-17.08.40:200][502]LogModuleManager: Shutting down and abandoning module MetalShaderFormat (137)
[2020.01.04-17.08.40:200][502]LogModuleManager: Shutting down and abandoning module TextureFormatUncompressed (135)
[2020.01.04-17.08.40:200][502]LogModuleManager: Shutting down and abandoning module TextureFormatPVR (133)
[2020.01.04-17.08.40:200][502]LogModuleManager: Shutting down and abandoning module TextureFormatDXT (131)
[2020.01.04-17.08.40:200][502]LogModuleManager: Shutting down and abandoning module TextureFormatIntelISPCTexComp (129)
[2020.01.04-17.08.40:200][502]LogModuleManager: Shutting down and abandoning module TextureFormatASTC (127)
[2020.01.04-17.08.40:200][502]LogModuleManager: Shutting down and abandoning module ImageWrapper (126)
[2020.01.04-17.08.40:200][502]LogModuleManager: Shutting down and abandoning module TextureFormatAndroid (123)
[2020.01.04-17.08.40:200][502]LogModuleManager: Shutting down and abandoning module AudioFormatOpus (121)
[2020.01.04-17.08.40:201][502]LogModuleManager: Shutting down and abandoning module AudioFormatOgg (119)
[2020.01.04-17.08.40:201][502]LogModuleManager: Shutting down and abandoning module AudioFormatADPCM (117)
[2020.01.04-17.08.40:201][502]LogModuleManager: Shutting down and abandoning module LinuxTargetPlatform (115)
[2020.01.04-17.08.40:201][502]LogModuleManager: Shutting down and abandoning module LinuxServerTargetPlatform (113)
[2020.01.04-17.08.40:201][502]LogModuleManager: Shutting down and abandoning module LinuxNoEditorTargetPlatform (111)
[2020.01.04-17.08.40:201][502]LogModuleManager: Shutting down and abandoning module LinuxClientTargetPlatform (109)
[2020.01.04-17.08.40:201][502]LogModuleManager: Shutting down and abandoning module TVOSTargetPlatform (107)
[2020.01.04-17.08.40:201][502]LogModuleManager: Shutting down and abandoning module Messaging (105)
[2020.01.04-17.08.40:201][502]LogModuleManager: Shutting down and abandoning module IOSTargetPlatform (103)
[2020.01.04-17.08.40:201][502]LogModuleManager: Shutting down and abandoning module HTML5TargetPlatform (101)
[2020.01.04-17.08.40:201][502]LogModuleManager: Shutting down and abandoning module AndroidTargetPlatform (99)
[2020.01.04-17.08.40:201][502]LogModuleManager: Shutting down and abandoning module Android_PVRTCTargetPlatform (97)
[2020.01.04-17.08.40:201][502]LogModuleManager: Shutting down and abandoning module Android_MultiTargetPlatform (95)
[2020.01.04-17.08.40:201][502]LogModuleManager: Shutting down and abandoning module Android_ETC2TargetPlatform (93)
[2020.01.04-17.08.40:201][502]LogModuleManager: Shutting down and abandoning module Android_ETC1TargetPlatform (91)
[2020.01.04-17.08.40:201][502]LogModuleManager: Shutting down and abandoning module Android_DXTTargetPlatform (89)
[2020.01.04-17.08.40:201][502]LogModuleManager: Shutting down and abandoning module Android_ATCTargetPlatform (87)
[2020.01.04-17.08.40:201][502]LogModuleManager: Shutting down and abandoning module Android_ASTCTargetPlatform (85)
[2020.01.04-17.08.40:201][502]LogModuleManager: Shutting down and abandoning module WindowsTargetPlatform (83)
[2020.01.04-17.08.40:201][502]LogModuleManager: Shutting down and abandoning module WindowsServerTargetPlatform (81)
[2020.01.04-17.08.40:201][502]LogModuleManager: Shutting down and abandoning module WindowsNoEditorTargetPlatform (79)
[2020.01.04-17.08.40:201][502]LogModuleManager: Shutting down and abandoning module WindowsClientTargetPlatform (77)
[2020.01.04-17.08.40:202][502]LogModuleManager: Shutting down and abandoning module MacTargetPlatform (75)
[2020.01.04-17.08.40:202][502]LogModuleManager: Shutting down and abandoning module MacServerTargetPlatform (73)
[2020.01.04-17.08.40:202][502]LogModuleManager: Shutting down and abandoning module MacNoEditorTargetPlatform (71)
[2020.01.04-17.08.40:202][502]LogModuleManager: Shutting down and abandoning module MacClientTargetPlatform (69)
[2020.01.04-17.08.40:202][502]LogModuleManager: Shutting down and abandoning module AllDesktopTargetPlatform (67)
[2020.01.04-17.08.40:202][502]LogModuleManager: Shutting down and abandoning module InputCore (64)
[2020.01.04-17.08.40:202][502]LogModuleManager: Shutting down and abandoning module Settings (62)
[2020.01.04-17.08.40:202][502]LogModuleManager: Shutting down and abandoning module PhysXCooking (60)
[2020.01.04-17.08.40:202][502]LogModuleManager: Shutting down and abandoning module SteamVR (58)
[2020.01.04-17.08.40:202][502]LogModuleManager: Shutting down and abandoning module OculusHMD (56)
[2020.01.04-17.08.40:202][502]LogModuleManager: Shutting down and abandoning module ExampleDeviceProfileSelector (54)
[2020.01.04-17.08.40:202][502]LogModuleManager: Shutting down and abandoning module AppleARKit (52)
[2020.01.04-17.08.40:202][502]LogModuleManager: Shutting down and abandoning module AugmentedReality (51)
[2020.01.04-17.08.40:202][502]LogModuleManager: Shutting down and abandoning module OnlineBlueprintSupport (48)
[2020.01.04-17.08.40:202][502]LogModuleManager: Shutting down and abandoning module OnlineSubsystem (44)
[2020.01.04-17.08.40:202][502]LogModuleManager: Shutting down and abandoning module XMPP (43)
[2020.01.04-17.08.40:202][502]LogModuleManager: Shutting down and abandoning module HTTP (41)
[2020.01.04-17.08.40:203][502]LogHttp: Display: Http module shutting down, but needs to wait on 1 outstanding Http requests:
[2020.01.04-17.08.40:203][502]LogHttp: Display: 	verb=[POST] url=[https://datarouter.ol.epicgames.com/datarouter/api/v1/public/data?SessionID=%7B53E0E81E-4C7C-5AFA-1815-889A5260B659%7D&AppID=UEEditor.Rocket.Release&AppVersion=4.18.3-3832480%2B%2B%2BUE4%2BRelease-4.18&UserID=426972ff4a010919b0cae38e4e2bcf6c%7Cc56c163cc84c4ae3aadb3effbd22eb24%7C0a89f76c-6ec6-4bc9-9080-515699dc3d19&AppEnvironment=datacollector-binary&UploadType=eteventstream] status=Processing
[2020.01.04-17.08.40:229][502]LogModuleManager: Shutting down and abandoning module SSL (40)
[2020.01.04-17.08.40:231][502]LogModuleManager: Shutting down and abandoning module AnimationModifiers (36)
[2020.01.04-17.08.40:231][502]LogModuleManager: Shutting down and abandoning module PropertyEditor (35)
[2020.01.04-17.08.40:231][502]LogModuleManager: Shutting down and abandoning module AudioEditor (32)
[2020.01.04-17.08.40:231][502]LogModuleManager: Shutting down and abandoning module TextureCompressor (30)
[2020.01.04-17.08.40:231][502]LogModuleManager: Shutting down and abandoning module ShaderCore (28)
[2020.01.04-17.08.40:231][502]LogModuleManager: Shutting down and abandoning module Landscape (26)
[2020.01.04-17.08.40:231][502]LogModuleManager: Shutting down and abandoning module SlateRHIRenderer (24)
[2020.01.04-17.08.40:233][502]LogModuleManager: Shutting down and abandoning module OpenGLDrv (22)
[2020.01.04-17.08.40:233][502]LogModuleManager: Shutting down and abandoning module D3D11RHI (20)
[2020.01.04-17.08.40:233][502]LogModuleManager: Shutting down and abandoning module AnimGraphRuntime (18)
[2020.01.04-17.08.40:233][502]LogModuleManager: Shutting down and abandoning module Renderer (16)
[2020.01.04-17.08.40:233][502]LogModuleManager: Shutting down and abandoning module Engine (14)
[2020.01.04-17.08.40:233][502]LogModuleManager: Shutting down and abandoning module CoreUObject (12)
[2020.01.04-17.08.40:233][502]LogModuleManager: Shutting down and abandoning module NetworkFile (10)
[2020.01.04-17.08.40:233][502]LogModuleManager: Shutting down and abandoning module CookedIterativeFile (8)
[2020.01.04-17.08.40:233][502]LogModuleManager: Shutting down and abandoning module StreamingFile (6)
[2020.01.04-17.08.40:233][502]LogModuleManager: Shutting down and abandoning module SandboxFile (4)
[2020.01.04-17.08.40:233][502]LogModuleManager: Shutting down and abandoning module PakFile (2)
[2020.01.04-17.08.40:239][502]LogExit: Exiting.
[2020.01.04-17.08.40:250][502]Log file closed, 01/05/20 02:08:40
